{"/home/wisniewski/Personal/SVStarter/src/lib/index.ts": {"path":"/home/wisniewski/Personal/SVStarter/src/lib/index.ts","all":true,"statementMap":{},"s":{},"branchMap":{"0":{"type":"branch","line":1,"loc":{"start":{"line":1,"column":74},"end":{"line":1,"column":74}},"locations":[{"start":{"line":1,"column":74},"end":{"line":1,"column":74}}]}},"b":{"0":[1]},"fnMap":{"0":{"name":"(empty-report)","decl":{"start":{"line":1,"column":74},"end":{"line":1,"column":74}},"loc":{"start":{"line":1,"column":74},"end":{"line":1,"column":74}},"line":1}},"f":{"0":1}}
,"/home/wisniewski/Personal/SVStarter/src/lib/core/authentication/cookies.ts": {"path":"/home/wisniewski/Personal/SVStarter/src/lib/core/authentication/cookies.ts","all":false,"statementMap":{"3":{"start":{"line":4,"column":0},"end":{"line":4,"column":45}},"5":{"start":{"line":6,"column":0},"end":{"line":6,"column":98}},"6":{"start":{"line":7,"column":0},"end":{"line":7,"column":48}},"7":{"start":{"line":8,"column":0},"end":{"line":8,"column":17}},"8":{"start":{"line":9,"column":0},"end":{"line":9,"column":18}},"9":{"start":{"line":10,"column":0},"end":{"line":10,"column":21}},"10":{"start":{"line":11,"column":0},"end":{"line":11,"column":11}},"11":{"start":{"line":12,"column":0},"end":{"line":12,"column":4}},"12":{"start":{"line":13,"column":0},"end":{"line":13,"column":1}},"14":{"start":{"line":15,"column":0},"end":{"line":15,"column":69}},"15":{"start":{"line":16,"column":0},"end":{"line":16,"column":45}},"16":{"start":{"line":17,"column":0},"end":{"line":17,"column":17}},"17":{"start":{"line":18,"column":0},"end":{"line":18,"column":18}},"18":{"start":{"line":19,"column":0},"end":{"line":19,"column":12}},"19":{"start":{"line":20,"column":0},"end":{"line":20,"column":11}},"20":{"start":{"line":21,"column":0},"end":{"line":21,"column":4}},"21":{"start":{"line":22,"column":0},"end":{"line":22,"column":1}}},"s":{"3":1,"5":1,"6":1,"7":1,"8":1,"9":1,"10":1,"11":1,"12":1,"14":1,"15":1,"16":1,"17":1,"18":1,"19":1,"20":1,"21":1},"branchMap":{"0":{"type":"branch","line":6,"loc":{"start":{"line":6,"column":7},"end":{"line":13,"column":1}},"locations":[{"start":{"line":6,"column":7},"end":{"line":13,"column":1}}]},"1":{"type":"branch","line":15,"loc":{"start":{"line":15,"column":7},"end":{"line":22,"column":1}},"locations":[{"start":{"line":15,"column":7},"end":{"line":22,"column":1}}]}},"b":{"0":[1],"1":[1]},"fnMap":{"0":{"name":"setSessionTokenCookie","decl":{"start":{"line":6,"column":7},"end":{"line":13,"column":1}},"loc":{"start":{"line":6,"column":7},"end":{"line":13,"column":1}},"line":6},"1":{"name":"deleteSessionTokenCookie","decl":{"start":{"line":15,"column":7},"end":{"line":22,"column":1}},"loc":{"start":{"line":15,"column":7},"end":{"line":22,"column":1}},"line":15}},"f":{"0":1,"1":1}}
,"/home/wisniewski/Personal/SVStarter/src/lib/core/authentication/interfaces.ts": {"path":"/home/wisniewski/Personal/SVStarter/src/lib/core/authentication/interfaces.ts","all":true,"statementMap":{},"s":{},"branchMap":{"0":{"type":"branch","line":1,"loc":{"start":{"line":1,"column":460},"end":{"line":12,"column":1}},"locations":[{"start":{"line":1,"column":460},"end":{"line":12,"column":1}}]}},"b":{"0":[1]},"fnMap":{"0":{"name":"(empty-report)","decl":{"start":{"line":1,"column":460},"end":{"line":12,"column":1}},"loc":{"start":{"line":1,"column":460},"end":{"line":12,"column":1}},"line":1}},"f":{"0":1}}
,"/home/wisniewski/Personal/SVStarter/src/lib/core/authentication/session.ts": {"path":"/home/wisniewski/Personal/SVStarter/src/lib/core/authentication/session.ts","all":false,"statementMap":{"0":{"start":{"line":1,"column":0},"end":{"line":1,"column":86}},"6":{"start":{"line":7,"column":0},"end":{"line":7,"column":61}},"7":{"start":{"line":8,"column":0},"end":{"line":8,"column":45}},"8":{"start":{"line":9,"column":0},"end":{"line":9,"column":33}},"9":{"start":{"line":10,"column":0},"end":{"line":10,"column":35}},"10":{"start":{"line":11,"column":0},"end":{"line":11,"column":32}},"11":{"start":{"line":12,"column":0},"end":{"line":12,"column":54}},"12":{"start":{"line":13,"column":0},"end":{"line":13,"column":15}},"13":{"start":{"line":14,"column":0},"end":{"line":14,"column":2}},"14":{"start":{"line":15,"column":0},"end":{"line":15,"column":62}},"15":{"start":{"line":16,"column":0},"end":{"line":16,"column":89}},"16":{"start":{"line":17,"column":0},"end":{"line":17,"column":28}},"17":{"start":{"line":18,"column":0},"end":{"line":18,"column":18}},"18":{"start":{"line":19,"column":0},"end":{"line":19,"column":57}},"19":{"start":{"line":20,"column":0},"end":{"line":20,"column":18}},"20":{"start":{"line":21,"column":0},"end":{"line":21,"column":4}},"21":{"start":{"line":22,"column":0},"end":{"line":22,"column":54}},"22":{"start":{"line":23,"column":0},"end":{"line":23,"column":17}},"23":{"start":{"line":24,"column":0},"end":{"line":24,"column":2}},"24":{"start":{"line":25,"column":0},"end":{"line":25,"column":52}},"25":{"start":{"line":26,"column":0},"end":{"line":26,"column":89}},"26":{"start":{"line":27,"column":0},"end":{"line":27,"column":63}},"27":{"start":{"line":28,"column":0},"end":{"line":28,"column":29}},"28":{"start":{"line":29,"column":0},"end":{"line":29,"column":26}},"29":{"start":{"line":30,"column":0},"end":{"line":30,"column":5}},"30":{"start":{"line":31,"column":0},"end":{"line":31,"column":32}},"31":{"start":{"line":32,"column":0},"end":{"line":32,"column":40}},"32":{"start":{"line":33,"column":0},"end":{"line":33,"column":3}},"33":{"start":{"line":34,"column":0},"end":{"line":34,"column":46}},"34":{"start":{"line":35,"column":0},"end":{"line":35,"column":50}},"35":{"start":{"line":36,"column":0},"end":{"line":36,"column":67}},"36":{"start":{"line":37,"column":0},"end":{"line":37,"column":40}},"37":{"start":{"line":38,"column":0},"end":{"line":38,"column":3}},"38":{"start":{"line":39,"column":0},"end":{"line":39,"column":77}},"39":{"start":{"line":40,"column":0},"end":{"line":40,"column":71}},"40":{"start":{"line":41,"column":0},"end":{"line":41,"column":37}},"41":{"start":{"line":42,"column":0},"end":{"line":42,"column":30}},"42":{"start":{"line":43,"column":0},"end":{"line":43,"column":42}},"43":{"start":{"line":44,"column":0},"end":{"line":44,"column":6}},"44":{"start":{"line":45,"column":0},"end":{"line":45,"column":3}},"45":{"start":{"line":46,"column":0},"end":{"line":46,"column":27}},"46":{"start":{"line":47,"column":0},"end":{"line":47,"column":2}},"47":{"start":{"line":48,"column":0},"end":{"line":48,"column":46}},"48":{"start":{"line":49,"column":0},"end":{"line":49,"column":66}},"49":{"start":{"line":50,"column":0},"end":{"line":50,"column":2}},"50":{"start":{"line":51,"column":0},"end":{"line":51,"column":1}}},"s":{"0":1,"6":1,"7":1,"8":1,"9":100,"10":100,"11":100,"12":100,"13":100,"14":1,"15":1,"16":1,"17":1,"18":1,"19":1,"20":1,"21":1,"22":1,"23":1,"24":1,"25":3,"26":3,"27":3,"28":3,"29":3,"30":3,"31":1,"32":1,"33":2,"34":3,"35":1,"36":1,"37":1,"38":1,"39":1,"40":1,"41":1,"42":1,"43":1,"44":1,"45":1,"46":3,"47":1,"48":1,"49":1,"50":1},"branchMap":{"0":{"type":"branch","line":8,"loc":{"start":{"line":8,"column":1},"end":{"line":8,"column":45}},"locations":[{"start":{"line":8,"column":1},"end":{"line":8,"column":45}}]},"1":{"type":"branch","line":9,"loc":{"start":{"line":9,"column":1},"end":{"line":14,"column":2}},"locations":[{"start":{"line":9,"column":1},"end":{"line":14,"column":2}}]},"2":{"type":"branch","line":15,"loc":{"start":{"line":15,"column":1},"end":{"line":24,"column":2}},"locations":[{"start":{"line":15,"column":1},"end":{"line":24,"column":2}}]},"3":{"type":"branch","line":25,"loc":{"start":{"line":25,"column":1},"end":{"line":47,"column":2}},"locations":[{"start":{"line":25,"column":1},"end":{"line":47,"column":2}}]},"4":{"type":"branch","line":31,"loc":{"start":{"line":31,"column":31},"end":{"line":33,"column":3}},"locations":[{"start":{"line":31,"column":31},"end":{"line":33,"column":3}}]},"5":{"type":"branch","line":33,"loc":{"start":{"line":33,"column":2},"end":{"line":35,"column":49}},"locations":[{"start":{"line":33,"column":2},"end":{"line":35,"column":49}}]},"6":{"type":"branch","line":35,"loc":{"start":{"line":35,"column":49},"end":{"line":46,"column":27}},"locations":[{"start":{"line":35,"column":49},"end":{"line":46,"column":27}}]},"7":{"type":"branch","line":48,"loc":{"start":{"line":48,"column":1},"end":{"line":50,"column":2}},"locations":[{"start":{"line":48,"column":1},"end":{"line":50,"column":2}}]}},"b":{"0":[6],"1":[100],"2":[1],"3":[3],"4":[1],"5":[2],"6":[1],"7":[1]},"fnMap":{"0":{"name":"SessionPrismaService","decl":{"start":{"line":8,"column":1},"end":{"line":8,"column":45}},"loc":{"start":{"line":8,"column":1},"end":{"line":8,"column":45}},"line":8},"1":{"name":"generateSessionToken","decl":{"start":{"line":9,"column":1},"end":{"line":14,"column":2}},"loc":{"start":{"line":9,"column":1},"end":{"line":14,"column":2}},"line":9},"2":{"name":"createSession","decl":{"start":{"line":15,"column":1},"end":{"line":24,"column":2}},"loc":{"start":{"line":15,"column":1},"end":{"line":24,"column":2}},"line":15},"3":{"name":"validateSessionToken","decl":{"start":{"line":25,"column":1},"end":{"line":47,"column":2}},"loc":{"start":{"line":25,"column":1},"end":{"line":47,"column":2}},"line":25},"4":{"name":"invalidateSession","decl":{"start":{"line":48,"column":1},"end":{"line":50,"column":2}},"loc":{"start":{"line":48,"column":1},"end":{"line":50,"column":2}},"line":48}},"f":{"0":6,"1":100,"2":1,"3":3,"4":1}}
,"/home/wisniewski/Personal/SVStarter/src/lib/core/database/prisma.ts": {"path":"/home/wisniewski/Personal/SVStarter/src/lib/core/database/prisma.ts","all":true,"statementMap":{},"s":{},"branchMap":{"0":{"type":"branch","line":1,"loc":{"start":{"line":1,"column":0},"end":{"line":4,"column":-16}},"locations":[{"start":{"line":1,"column":0},"end":{"line":4,"column":-16}}]}},"b":{"0":[1]},"fnMap":{"0":{"name":"(empty-report)","decl":{"start":{"line":1,"column":0},"end":{"line":4,"column":-16}},"loc":{"start":{"line":1,"column":0},"end":{"line":4,"column":-16}},"line":1}},"f":{"0":1}}
,"/home/wisniewski/Personal/SVStarter/src/lib/core/database/__mocks__/prisma.ts": {"path":"/home/wisniewski/Personal/SVStarter/src/lib/core/database/__mocks__/prisma.ts","all":false,"statementMap":{"0":{"start":{"line":1,"column":0},"end":{"line":1,"column":4}},"1":{"start":{"line":2,"column":0},"end":{"line":2,"column":46}},"2":{"start":{"line":3,"column":0},"end":{"line":3,"column":36}},"3":{"start":{"line":4,"column":0},"end":{"line":4,"column":59}},"6":{"start":{"line":7,"column":0},"end":{"line":7,"column":18}},"7":{"start":{"line":8,"column":0},"end":{"line":8,"column":19}},"8":{"start":{"line":9,"column":0},"end":{"line":9,"column":3}},"11":{"start":{"line":12,"column":0},"end":{"line":12,"column":40}},"12":{"start":{"line":13,"column":0},"end":{"line":13,"column":22}}},"s":{"0":1,"1":1,"2":1,"3":1,"6":1,"7":6,"8":6,"11":1,"12":1},"branchMap":{"0":{"type":"branch","line":7,"loc":{"start":{"line":7,"column":11},"end":{"line":9,"column":3}},"locations":[{"start":{"line":7,"column":11},"end":{"line":9,"column":3}}]}},"b":{"0":[6]},"fnMap":{},"f":{}}
}
